2021-10-08 12:49:01,232  INFO [main] TestAdminLogin:46 - BeforeMethod is starting...
2021-10-08 12:49:01,235  INFO [main] TestAdminLogin:47 - TestAppLogin class is starting for tests
2021-10-08 12:49:04,219  INFO [main] TestAdminLogin:53 - url is launched: http://local.mobilityexchange.com:5232/admin
2021-10-08 12:49:04,246  INFO [main] TestAdminLogin:57 - setUp is ending... 
2021-10-08 12:49:04,422  INFO [main] TestAdminLogin:92 - testLoginPage test is starting... 
2021-10-08 12:49:16,105  INFO [main] TestAdminLogin:261 - tearDown test is starting... 
2021-10-08 12:49:16,718  INFO [main] TestAdminLogin:263 - tearDown is ending... 
2021-10-08 12:49:16,726  INFO [main] TestAdminLogin:46 - BeforeMethod is starting...
2021-10-08 12:49:16,726  INFO [main] TestAdminLogin:47 - TestAppLogin class is starting for tests
2021-10-08 12:49:18,080  INFO [main] TestAdminLogin:53 - url is launched: http://local.mobilityexchange.com:5232/admin
2021-10-08 12:49:18,081  INFO [main] TestAdminLogin:57 - setUp is ending... 
2021-10-08 12:49:18,089  INFO [main] TestAdminLogin:155 - testLoginInvalidCreds test is starting... 
2021-10-08 12:49:39,000  INFO [main] TestAdminLogin:261 - tearDown test is starting... 
2021-10-08 12:49:39,651  INFO [main] TestAdminLogin:263 - tearDown is ending... 
2021-10-08 12:49:39,653  INFO [main] TestAdminLogin:46 - BeforeMethod is starting...
2021-10-08 12:49:39,653  INFO [main] TestAdminLogin:47 - TestAppLogin class is starting for tests
2021-10-08 12:49:41,974  INFO [main] TestAdminLogin:53 - url is launched: http://local.mobilityexchange.com:5232/admin
2021-10-08 12:49:41,974  INFO [main] TestAdminLogin:57 - setUp is ending... 
2021-10-08 12:49:41,983  INFO [main] TestAdminLogin:155 - testLoginInvalidCreds test is starting... 
2021-10-08 12:49:57,736  INFO [main] TestAdminLogin:261 - tearDown test is starting... 
2021-10-08 12:49:58,373  INFO [main] TestAdminLogin:263 - tearDown is ending... 
2021-10-08 12:49:58,376  INFO [main] TestAdminLogin:46 - BeforeMethod is starting...
2021-10-08 12:49:58,377  INFO [main] TestAdminLogin:47 - TestAppLogin class is starting for tests
2021-10-08 12:50:00,229  INFO [main] TestAdminLogin:53 - url is launched: http://local.mobilityexchange.com:5232/admin
2021-10-08 12:50:00,229  INFO [main] TestAdminLogin:57 - setUp is ending... 
2021-10-08 12:50:00,237  INFO [main] TestAdminLogin:155 - testLoginInvalidCreds test is starting... 
2021-10-08 12:50:18,262  INFO [main] TestAdminLogin:160 - testLoginInvalidCreds test is ending... 
2021-10-08 12:50:18,266  INFO [main] TestAdminLogin:261 - tearDown test is starting... 
2021-10-08 12:50:18,884  INFO [main] TestAdminLogin:263 - tearDown is ending... 
2021-10-08 12:50:18,885  INFO [main] TestAdminLogin:46 - BeforeMethod is starting...
2021-10-08 12:50:18,885  INFO [main] TestAdminLogin:47 - TestAppLogin class is starting for tests
2021-10-08 12:50:20,228  INFO [main] TestAdminLogin:53 - url is launched: http://local.mobilityexchange.com:5232/admin
2021-10-08 12:50:20,229  INFO [main] TestAdminLogin:57 - setUp is ending... 
2021-10-08 12:50:20,233  INFO [main] TestAdminLogin:155 - testLoginInvalidCreds test is starting... 
2021-10-08 12:50:40,542  INFO [main] TestAdminLogin:160 - testLoginInvalidCreds test is ending... 
2021-10-08 12:50:40,544  INFO [main] TestAdminLogin:261 - tearDown test is starting... 
2021-10-08 12:50:41,147  INFO [main] TestAdminLogin:263 - tearDown is ending... 
2021-10-08 12:50:41,148  INFO [main] TestAdminLogin:46 - BeforeMethod is starting...
2021-10-08 12:50:41,149  INFO [main] TestAdminLogin:47 - TestAppLogin class is starting for tests
2021-10-08 12:50:42,588  INFO [main] TestAdminLogin:53 - url is launched: http://local.mobilityexchange.com:5232/admin
2021-10-08 12:50:42,589  INFO [main] TestAdminLogin:57 - setUp is ending... 
2021-10-08 12:50:42,596  INFO [main] TestAdminLogin:155 - testLoginInvalidCreds test is starting... 
2021-10-08 12:50:59,545  INFO [main] TestAdminLogin:261 - tearDown test is starting... 
2021-10-08 12:51:00,183  INFO [main] TestAdminLogin:263 - tearDown is ending... 
2021-10-08 12:51:00,185  INFO [main] TestAdminLogin:46 - BeforeMethod is starting...
2021-10-08 12:51:00,185  INFO [main] TestAdminLogin:47 - TestAppLogin class is starting for tests
2021-10-08 12:51:01,542  INFO [main] TestAdminLogin:53 - url is launched: http://local.mobilityexchange.com:5232/admin
2021-10-08 12:51:01,543  INFO [main] TestAdminLogin:57 - setUp is ending... 
2021-10-08 12:51:01,552  INFO [main] TestAdminLogin:190 - testLoginEmptyUserEmail test is starting... 
2021-10-08 12:51:22,340  INFO [main] TestAdminLogin:261 - tearDown test is starting... 
2021-10-08 12:51:22,975  INFO [main] TestAdminLogin:263 - tearDown is ending... 
2021-10-08 12:51:22,976  INFO [main] TestAdminLogin:46 - BeforeMethod is starting...
2021-10-08 12:51:22,977  INFO [main] TestAdminLogin:47 - TestAppLogin class is starting for tests
2021-10-08 12:51:25,136  INFO [main] TestAdminLogin:53 - url is launched: http://local.mobilityexchange.com:5232/admin
2021-10-08 12:51:25,136  INFO [main] TestAdminLogin:57 - setUp is ending... 
2021-10-08 12:51:25,142  INFO [main] TestAdminLogin:190 - testLoginEmptyUserEmail test is starting... 
2021-10-08 12:51:39,866  INFO [main] TestAdminLogin:195 - testLoginEmptyUserEmail test is ending... 
2021-10-08 12:51:39,869  INFO [main] TestAdminLogin:261 - tearDown test is starting... 
2021-10-08 12:51:40,505  INFO [main] TestAdminLogin:263 - tearDown is ending... 
2021-10-08 12:51:40,507  INFO [main] TestAdminLogin:46 - BeforeMethod is starting...
2021-10-08 12:51:40,507  INFO [main] TestAdminLogin:47 - TestAppLogin class is starting for tests
2021-10-08 12:51:41,811  INFO [main] TestAdminLogin:53 - url is launched: http://local.mobilityexchange.com:5232/admin
2021-10-08 12:51:41,812  INFO [main] TestAdminLogin:57 - setUp is ending... 
2021-10-08 12:51:41,816  INFO [main] TestAdminLogin:226 - testLoginEmptyUserPassword test is starting... 
2021-10-08 12:51:47,470  INFO [main] TestAdminLogin:231 - testLoginEmptyUserPassword test is ending... 
2021-10-08 12:51:47,472  INFO [main] TestAdminLogin:261 - tearDown test is starting... 
2021-10-08 12:51:48,073  INFO [main] TestAdminLogin:263 - tearDown is ending... 
2021-10-08 12:51:48,075  INFO [main] TestAdminLogin:46 - BeforeMethod is starting...
2021-10-08 12:51:48,075  INFO [main] TestAdminLogin:47 - TestAppLogin class is starting for tests
2021-10-08 12:51:49,689  INFO [main] TestAdminLogin:53 - url is launched: http://local.mobilityexchange.com:5232/admin
2021-10-08 12:51:49,689  INFO [main] TestAdminLogin:57 - setUp is ending... 
2021-10-08 12:51:49,694  INFO [main] TestAdminLogin:226 - testLoginEmptyUserPassword test is starting... 
